<?xml version="1.0" encoding="UTF-8"?>
<!-- Generated by org.testng.reporters.JUnitXMLReporter -->
<testsuite ignored="0" hostname="LAPTOP-VSTTFI20" failures="0" tests="6" name="Command line test" time="0.032" errors="0" timestamp="2021-12-31T12:04:43 IST">
  <testcase classname="academy.AppiumTest" name="IOSApps" time="0.003"/>
  <testcase classname="academy.AppiumTest" name="NativeAppAndroid" time="0.0"/>
  <testcase classname="academy.RestAPITest" name="deleteTwitter" time="0.0"/>
  <testcase classname="academy.RestAPITest" name="postJira" time="0.0"/>
  <testcase classname="academy.SeleniumTest" name="BrowserAutomation" time="0.0"/>
  <testcase classname="academy.SeleniumTest" name="elementsUI" time="0.0"/>
</testsuite> <!-- Command line test -->
