<?xml version="1.0" encoding="UTF-8"?>
<!-- Generated by org.testng.reporters.JUnitXMLReporter -->
<testsuite ignored="0" hostname="LAPTOP-VSTTFI20" failures="0" tests="4" name="Test" time="0.028" errors="0" timestamp="2021-12-31T12:05:06 IST">
  <testcase classname="academy.RestAPITest" name="deleteTwitter" time="0.003"/>
  <testcase classname="academy.RestAPITest" name="postJira" time="0.0"/>
  <testcase classname="academy.SeleniumTest" name="BrowserAutomation" time="0.0"/>
  <testcase classname="academy.SeleniumTest" name="elementsUI" time="0.0"/>
</testsuite> <!-- Test -->
