<?xml version="1.0" encoding="UTF-8"?>
<testng-results ignored="0" total="4" passed="4" failed="0" skipped="0">
  <reporter-output>
  </reporter-output>
  <suite started-at="2021-12-31T12:05:06 IST" name="Suite" finished-at="2021-12-31T12:05:06 IST" duration-ms="28">
    <groups>
    </groups>
    <test started-at="2021-12-31T12:05:06 IST" name="Test" finished-at="2021-12-31T12:05:06 IST" duration-ms="28">
      <class name="academy.RestAPITest">
        <test-method signature="deleteTwitter()[pri:0, instance:academy.RestAPITest@45b9a632]" started-at="2021-12-31T12:05:06 IST" name="deleteTwitter" finished-at="2021-12-31T12:05:06 IST" duration-ms="3" status="PASS">
          <reporter-output>
          </reporter-output>
        </test-method> <!-- deleteTwitter -->
        <test-method signature="postJira()[pri:0, instance:academy.RestAPITest@45b9a632]" started-at="2021-12-31T12:05:06 IST" name="postJira" finished-at="2021-12-31T12:05:06 IST" duration-ms="0" status="PASS">
          <reporter-output>
          </reporter-output>
        </test-method> <!-- postJira -->
      </class> <!-- academy.RestAPITest -->
      <class name="academy.SeleniumTest">
        <test-method signature="BrowserAutomation()[pri:0, instance:academy.SeleniumTest@647fd8ce]" started-at="2021-12-31T12:05:06 IST" name="BrowserAutomation" finished-at="2021-12-31T12:05:06 IST" duration-ms="0" status="PASS">
          <reporter-output>
          </reporter-output>
        </test-method> <!-- BrowserAutomation -->
        <test-method signature="elementsUI()[pri:0, instance:academy.SeleniumTest@647fd8ce]" started-at="2021-12-31T12:05:06 IST" name="elementsUI" finished-at="2021-12-31T12:05:06 IST" duration-ms="0" status="PASS">
          <reporter-output>
          </reporter-output>
        </test-method> <!-- elementsUI -->
      </class> <!-- academy.SeleniumTest -->
    </test> <!-- Test -->
  </suite> <!-- Suite -->
</testng-results>
