<?xml version="1.0" encoding="UTF-8"?>
<testng-results ignored="1" total="2" passed="1" failed="0" skipped="0">
  <reporter-output>
  </reporter-output>
  <suite started-at="2021-12-30T23:27:17 IST" name="Default suite" finished-at="2021-12-30T23:27:17 IST" duration-ms="58">
    <groups>
    </groups>
    <test started-at="2021-12-30T23:27:17 IST" name="Default test" finished-at="2021-12-30T23:27:17 IST" duration-ms="58">
      <class name="academy.SeleniumTest">
        <test-method signature="BrowserAutomation()[pri:0, instance:academy.SeleniumTest@4313f5bc]" started-at="2021-12-30T23:27:17 IST" name="BrowserAutomation" finished-at="2021-12-30T23:27:17 IST" duration-ms="8" status="PASS">
          <reporter-output>
          </reporter-output>
        </test-method> <!-- BrowserAutomation -->
      </class> <!-- academy.SeleniumTest -->
    </test> <!-- Default test -->
  </suite> <!-- Default suite -->
</testng-results>
